REPOSITORY               TAG                 IMAGE ID            CREATED             SIZE
max89k/ubuntu-tmp-file   latest              1ac05e729624        40 seconds ago      123MB
ubuntu                   16.04               5f2bf26e3524        9 days ago          123MB



### Отличия команды docker inspect для объектов image и container, объяснить отличия контейнера от образа

image - своеобразный шаблон, из которого может быть создано множество контейнеров. Состоит из "замороженных" слоев.

container - уникальный объект, созданный из образа. К нижним слоям образа добавляются один или несколько своих. 

Различия: 
- у контейнера есть состояния - 
````
"State": {
"Status": "running",
            "Running": true,
            "Paused": false,
            "Restarting": false,
            "OOMKilled": false,
            "Dead": false,

            ...

````
 - остановленный контейнер отличается от образа тем, что он сохраняет все изменения в параметрах настройки (напр, IP адрес),
  файлы в файловой системе, метаданные - все "незамороженные" уровни. 
 - В выводе команды docker inspect <container_id> можем увидеть разделы host_config, Network_settings, где и сохранен IP адрес. 
 - в выводе docker inspect <image_id> можем найти перечисление слоев. В описании контейнера это не нужно, т.к он ссылается на образ. 
 ````
 "RootFS": {
            "Type": "layers",
            "Layers": [
                "sha256:788b17b748c23d38ec62e913e87b084b7e3efda49843b3c0809b1857559b553e",
                "sha256:a5a5f8c62487121247923a4df970f2094725ac2fea8c1347236466c4a3265ae0",
                "sha256:903669ee720750938f08f95f7c8f1022d7fd7c57602af847b316f0b39efbd01c",
                "sha256:bc72fb2e7b7487b3b9f9135437319525feaf1fab6ba61dab7e2e961e5c1dbb8b",
                "sha256:d825a3508e53f60d59d16ce06039815168dd7e8f4d9396f93a1213bbb01e66ad"
            ]
 ````

